<?xml version="1.0" encoding="UTF-8"?>
<testsuite xmlns:xsi="http://www.w3.org/2001/XMLSchema-instance" xsi:noNamespaceSchemaLocation="https://maven.apache.org/surefire/maven-surefire-plugin/xsd/surefire-test-report-3.0.xsd" version="3.0" name="edu.cooper.ece465.commons.MatrixTest" time="0.006" tests="3" errors="0" skipped="0" failures="0">
  <properties>
    <property name="sun.desktop" value="gnome"/>
    <property name="awt.toolkit" value="sun.awt.X11.XToolkit"/>
    <property name="java.specification.version" value="11"/>
    <property name="sun.cpu.isalist" value=""/>
    <property name="sun.jnu.encoding" value="UTF-8"/>
    <property name="java.class.path" value="/home/dodo/Projects/ECE465/single-node-threaded/target/test-classes:/home/dodo/Projects/ECE465/single-node-threaded/target/classes:/home/dodo/Projects/ECE465/commons/target/classes:/home/dodo/.m2/repository/org/slf4j/slf4j-api/1.7.30/slf4j-api-1.7.30.jar:/home/dodo/.m2/repository/org/slf4j/slf4j-log4j12/1.7.30/slf4j-log4j12-1.7.30.jar:/home/dodo/.m2/repository/org/slf4j/jcl-over-slf4j/1.7.30/jcl-over-slf4j-1.7.30.jar:/home/dodo/.m2/repository/junit/junit/4.13.1/junit-4.13.1.jar:/home/dodo/.m2/repository/org/hamcrest/hamcrest-core/1.3/hamcrest-core-1.3.jar:/home/dodo/.m2/repository/log4j/log4j/1.2.17/log4j-1.2.17.jar:/home/dodo/.m2/repository/org/projectlombok/lombok/1.18.16/lombok-1.18.16.jar:"/>
    <property name="java.vm.vendor" value="Ubuntu"/>
    <property name="sun.arch.data.model" value="64"/>
    <property name="java.vendor.url" value="https://ubuntu.com/"/>
    <property name="user.timezone" value="America/New_York"/>
    <property name="java.vm.specification.version" value="11"/>
    <property name="os.name" value="Linux"/>
    <property name="sun.java.launcher" value="SUN_STANDARD"/>
    <property name="user.country" value="US"/>
    <property name="sun.boot.library.path" value="/usr/lib/jvm/java-11-openjdk-amd64/lib"/>
    <property name="sun.java.command" value="/home/dodo/Projects/ECE465/single-node-threaded/target/surefire/surefirebooter3105231947454130134.jar /home/dodo/Projects/ECE465/single-node-threaded/target/surefire 2021-02-04T16-09-05_657-jvmRun1 surefire457963030193124005tmp surefire_07649946430584351314tmp"/>
    <property name="jdk.debug" value="release"/>
    <property name="surefire.test.class.path" value="/home/dodo/Projects/ECE465/single-node-threaded/target/test-classes:/home/dodo/Projects/ECE465/single-node-threaded/target/classes:/home/dodo/Projects/ECE465/commons/target/classes:/home/dodo/.m2/repository/org/slf4j/slf4j-api/1.7.30/slf4j-api-1.7.30.jar:/home/dodo/.m2/repository/org/slf4j/slf4j-log4j12/1.7.30/slf4j-log4j12-1.7.30.jar:/home/dodo/.m2/repository/org/slf4j/jcl-over-slf4j/1.7.30/jcl-over-slf4j-1.7.30.jar:/home/dodo/.m2/repository/junit/junit/4.13.1/junit-4.13.1.jar:/home/dodo/.m2/repository/org/hamcrest/hamcrest-core/1.3/hamcrest-core-1.3.jar:/home/dodo/.m2/repository/log4j/log4j/1.2.17/log4j-1.2.17.jar:/home/dodo/.m2/repository/org/projectlombok/lombok/1.18.16/lombok-1.18.16.jar:"/>
    <property name="sun.cpu.endian" value="little"/>
    <property name="user.home" value="/home/dodo"/>
    <property name="user.language" value="en"/>
    <property name="java.specification.vendor" value="Oracle Corporation"/>
    <property name="java.version.date" value="2020-11-04"/>
    <property name="java.home" value="/usr/lib/jvm/java-11-openjdk-amd64"/>
    <property name="file.separator" value="/"/>
    <property name="basedir" value="/home/dodo/Projects/ECE465/single-node-threaded"/>
    <property name="java.vm.compressedOopsMode" value="Zero based"/>
    <property name="line.separator" value="&#10;"/>
    <property name="java.specification.name" value="Java Platform API Specification"/>
    <property name="java.vm.specification.vendor" value="Oracle Corporation"/>
    <property name="java.awt.graphicsenv" value="sun.awt.X11GraphicsEnvironment"/>
    <property name="surefire.real.class.path" value="/home/dodo/Projects/ECE465/single-node-threaded/target/surefire/surefirebooter3105231947454130134.jar"/>
    <property name="sun.management.compiler" value="HotSpot 64-Bit Tiered Compilers"/>
    <property name="java.runtime.version" value="11.0.9.1+1-Ubuntu-0ubuntu1.18.04"/>
    <property name="user.name" value="dodo"/>
    <property name="path.separator" value=":"/>
    <property name="os.version" value="5.4.0-65-generic"/>
    <property name="java.runtime.name" value="OpenJDK Runtime Environment"/>
    <property name="file.encoding" value="UTF-8"/>
    <property name="java.vm.name" value="OpenJDK 64-Bit Server VM"/>
    <property name="localRepository" value="/home/dodo/.m2/repository"/>
    <property name="java.vendor.url.bug" value="https://bugs.launchpad.net/ubuntu/+source/openjdk-lts"/>
    <property name="java.io.tmpdir" value="/tmp"/>
    <property name="java.version" value="11.0.9.1"/>
    <property name="user.dir" value="/home/dodo/Projects/ECE465/single-node-threaded"/>
    <property name="os.arch" value="amd64"/>
    <property name="java.vm.specification.name" value="Java Virtual Machine Specification"/>
    <property name="java.awt.printerjob" value="sun.print.PSPrinterJob"/>
    <property name="sun.os.patch.level" value="unknown"/>
    <property name="java.library.path" value="/usr/local/clang_9.0.0/lib:/home/dodo/catkin_ws/devel/lib:/opt/ros/melodic/lib:/usr/local/clang_9.0.0/lib:/usr/java/packages/lib:/usr/lib/x86_64-linux-gnu/jni:/lib/x86_64-linux-gnu:/usr/lib/x86_64-linux-gnu:/usr/lib/jni:/lib:/usr/lib"/>
    <property name="java.vm.info" value="mixed mode, sharing"/>
    <property name="java.vendor" value="Ubuntu"/>
    <property name="java.vm.version" value="11.0.9.1+1-Ubuntu-0ubuntu1.18.04"/>
    <property name="sun.io.unicode.encoding" value="UnicodeLittle"/>
    <property name="java.class.version" value="55.0"/>
  </properties>
  <testcase name="equals" classname="edu.cooper.ece465.commons.MatrixTest" time="0.006"/>
  <testcase name="incrementFromMatrices" classname="edu.cooper.ece465.commons.MatrixTest" time="0"/>
  <testcase name="I" classname="edu.cooper.ece465.commons.MatrixTest" time="0"/>
</testsuite>